#
# There is insufficient memory for the Java Runtime Environment to continue.
# Native memory allocation (mmap) failed to map 134217728 bytes for G1 virtual space
# Possible reasons:
#   The system is out of physical RAM or swap space
#   The process is running with CompressedOops enabled, and the Java Heap may be blocking the growth of the native heap
# Possible solutions:
#   Reduce memory load on the system
#   Increase physical memory or swap space
#   Check if swap backing store is full
#   Decrease Java heap size (-Xmx/-Xms)
#   Decrease number of Java threads
#   Decrease Java thread stack sizes (-Xss)
#   Set larger code cache with -XX:ReservedCodeCacheSize=
#   JVM is running with Unscaled Compressed Oops mode in which the Java heap is
#     placed in the first 4GB address space. The Java Heap base address is the
#     maximum limit for the native heap growth. Please use -XX:HeapBaseMinAddress
#     to set the Java Heap base and to place the Java Heap above 4GB virtual address.
# This output file may be truncated or incomplete.
#
#  Out of Memory Error (os_windows.cpp:3535), pid=17516, tid=15100
#
# JRE version:  (17.0.3+7) (build )
# Java VM: OpenJDK 64-Bit Server VM (17.0.3+7, mixed mode, emulated-client, sharing, tiered, compressed oops, compressed class ptrs, g1 gc, windows-amd64)
# No core dump will be written. Minidumps are not enabled by default on client versions of Windows
#

---------------  S U M M A R Y ------------

Command Line: -Dcom.sun.management.jmxremote -Dcom.sun.management.jmxremote.port=50554 -Dcom.sun.management.jmxremote.authenticate=false -Dcom.sun.management.jmxremote.ssl=false -Djava.rmi.server.hostname=localhost -Dspring.jmx.enabled=true -Dspring.application.admin.enabled=true -XX:TieredStopAtLevel=1 -Dspring.boot.project.name=US_Staffing_Boot -Dfile.encoding=UTF-8 -XX:+ShowCodeDetailsInExceptionMessages com.staffing.demo.UsStaffingNewApplication --spring.output.ansi.enabled=always

Host: Intel(R) Core(TM) i5-4570T CPU @ 2.90GHz, 4 cores, 7G,  Windows 10 , 64 bit Build 18362 (10.0.18362.1350)
Time: Wed Feb  8 12:17:41 2023 India Standard Time elapsed time: 0.013333 seconds (0d 0h 0m 0s)

---------------  T H R E A D  ---------------

Current thread (0x000001d2be99e010):  JavaThread "Unknown thread" [_thread_in_vm, id=15100, stack(0x0000002e69600000,0x0000002e69700000)]

Stack: [0x0000002e69600000,0x0000002e69700000]
Native frames: (J=compiled Java code, j=interpreted, Vv=VM code, C=native code)
V  [jvm.dll+0x675efa]
V  [jvm.dll+0x830a24]
V  [jvm.dll+0x8321ce]
V  [jvm.dll+0x832833]
V  [jvm.dll+0x2454b5]
V  [jvm.dll+0x672de9]
V  [jvm.dll+0x667732]
V  [jvm.dll+0x3043ab]
V  [jvm.dll+0x30b8f6]
V  [jvm.dll+0x35b62e]
V  [jvm.dll+0x35b85f]
V  [jvm.dll+0x2db248]
V  [jvm.dll+0x2dc1b4]
V  [jvm.dll+0x802651]
V  [jvm.dll+0x3693b1]
V  [jvm.dll+0x7e1aac]
V  [jvm.dll+0x3ebd8f]
V  [jvm.dll+0x3ed911]
C  [jli.dll+0x5277]
C  [ucrtbase.dll+0x210b2]
C  [KERNEL32.DLL+0x17c24]
C  [ntdll.dll+0x6d721]


---------------  P R O C E S S  ---------------

Threads class SMR info:
_java_thread_list=0x00007ff80cef6e98, length=0, elements={
}

Java Threads: ( => current thread )

Other Threads:
  0x000001d2c0afdaf0 GCTaskThread "GC Thread#0" [stack: 0x0000002e69700000,0x0000002e69800000] [id=17760]
  0x000001d2c0b0ed40 ConcurrentGCThread "G1 Main Marker" [stack: 0x0000002e69800000,0x0000002e69900000] [id=15008]
  0x000001d2c0b0f500 ConcurrentGCThread "G1 Conc#0" [stack: 0x0000002e69900000,0x0000002e69a00000] [id=10524]

[error occurred during error reporting (printing all threads), id 0xc0000005, EXCEPTION_ACCESS_VIOLATION (0xc0000005) at pc=0x00007ff80c6cbcd7]

VM state: not at safepoint (not fully initialized)

VM Mutex/Monitor currently owned by a thread:  ([mutex/lock_event])
[0x000001d2be99a0e0] Heap_lock - owner thread: 0x000001d2be99e010

Heap address: 0x0000000081200000, size: 2030 MB, Compressed Oops mode: 32-bit

CDS archive(s) mapped at: [0x0000000000000000-0x0000000000000000-0x0000000000000000), size 0, SharedBaseAddress: 0x0000000800000000, ArchiveRelocationMode: 0.
Narrow klass base: 0x0000000000000000, Narrow klass shift: 0, Narrow klass range: 0x0

GC Precious Log:
<Empty>

Heap:
 garbage-first heap   total 0K, used 0K [0x0000000081200000, 0x0000000100000000)
  region size 1024K, 0 young (0K), 0 survivors (0K)

[error occurred during error reporting (printing heap information), id 0xc0000005, EXCEPTION_ACCESS_VIOLATION (0xc0000005) at pc=0x00007ff80caaf249]

GC Heap History (0 events):
No events

Deoptimization events (0 events):
No events

Classes unloaded (0 events):
No events

Classes redefined (0 events):
No events

Internal exceptions (0 events):
No events

VM Operations (0 events):
No events

Events (1 events):
Event: 0.007 Loaded shared library C:\Users\Soham Kulkarni.TCOGNITION\Downloads\sts-4.15.1.RELEASE\plugins\org.eclipse.justj.openjdk.hotspot.jre.full.win32.x86_64_17.0.3.v20220515-1416\jre\bin\java.dll


Dynamic libraries:
0x00007ff7d6100000 - 0x00007ff7d610e000 	C:\Users\Soham Kulkarni.TCOGNITION\Downloads\sts-4.15.1.RELEASE\plugins\org.eclipse.justj.openjdk.hotspot.jre.full.win32.x86_64_17.0.3.v20220515-1416\jre\bin\javaw.exe
0x00007ff856f40000 - 0x00007ff857130000 	C:\Windows\SYSTEM32\ntdll.dll
0x00007ff856bb0000 - 0x00007ff856c62000 	C:\Windows\System32\KERNEL32.DLL
0x00007ff854c10000 - 0x00007ff854eb5000 	C:\Windows\System32\KERNELBASE.dll
0x00007ff854800000 - 0x00007ff8548fa000 	C:\Windows\System32\ucrtbase.dll
0x00007ff84b040000 - 0x00007ff84b058000 	C:\Users\Soham Kulkarni.TCOGNITION\Downloads\sts-4.15.1.RELEASE\plugins\org.eclipse.justj.openjdk.hotspot.jre.full.win32.x86_64_17.0.3.v20220515-1416\jre\bin\jli.dll
0x00007ff847110000 - 0x00007ff847129000 	C:\Users\Soham Kulkarni.TCOGNITION\Downloads\sts-4.15.1.RELEASE\plugins\org.eclipse.justj.openjdk.hotspot.jre.full.win32.x86_64_17.0.3.v20220515-1416\jre\bin\VCRUNTIME140.dll
0x00007ff855b80000 - 0x00007ff855d14000 	C:\Windows\System32\USER32.dll
0x00007ff854fc0000 - 0x00007ff854fe1000 	C:\Windows\System32\win32u.dll
0x00007ff856d50000 - 0x00007ff856d76000 	C:\Windows\System32\GDI32.dll
0x00007ff854900000 - 0x00007ff854a98000 	C:\Windows\System32\gdi32full.dll
0x00007ff845820000 - 0x00007ff845aa4000 	C:\Windows\WinSxS\amd64_microsoft.windows.common-controls_6595b64144ccf1df_6.0.18362.1379_none_9e7ff3b3e45cc0c4\COMCTL32.dll
0x00007ff854760000 - 0x00007ff8547fe000 	C:\Windows\System32\msvcp_win.dll
0x00007ff856350000 - 0x00007ff8563ee000 	C:\Windows\System32\msvcrt.dll
0x00007ff8563f0000 - 0x00007ff856727000 	C:\Windows\System32\combase.dll
0x00007ff8561b0000 - 0x00007ff8562cf000 	C:\Windows\System32\RPCRT4.dll
0x00007ff8546a0000 - 0x00007ff854721000 	C:\Windows\System32\bcryptPrimitives.dll
0x00007ff8556e0000 - 0x00007ff85570e000 	C:\Windows\System32\IMM32.DLL
0x00007ff84c960000 - 0x00007ff84c96c000 	C:\Users\Soham Kulkarni.TCOGNITION\Downloads\sts-4.15.1.RELEASE\plugins\org.eclipse.justj.openjdk.hotspot.jre.full.win32.x86_64_17.0.3.v20220515-1416\jre\bin\vcruntime140_1.dll
0x00007ff82ccf0000 - 0x00007ff82cd81000 	C:\Users\Soham Kulkarni.TCOGNITION\Downloads\sts-4.15.1.RELEASE\plugins\org.eclipse.justj.openjdk.hotspot.jre.full.win32.x86_64_17.0.3.v20220515-1416\jre\bin\msvcp140.dll
0x00007ff80c3e0000 - 0x00007ff80d028000 	C:\Users\Soham Kulkarni.TCOGNITION\Downloads\sts-4.15.1.RELEASE\plugins\org.eclipse.justj.openjdk.hotspot.jre.full.win32.x86_64_17.0.3.v20220515-1416\jre\bin\server\jvm.dll
0x00007ff855fa0000 - 0x00007ff856043000 	C:\Windows\System32\ADVAPI32.dll
0x00007ff856de0000 - 0x00007ff856e77000 	C:\Windows\System32\sechost.dll
0x00007ff856730000 - 0x00007ff856738000 	C:\Windows\System32\PSAPI.DLL
0x00007ff8507b0000 - 0x00007ff8507b9000 	C:\Windows\SYSTEM32\WSOCK32.dll
0x00007ff855e60000 - 0x00007ff855ecf000 	C:\Windows\System32\WS2_32.dll
0x00007ff851f30000 - 0x00007ff851f54000 	C:\Windows\SYSTEM32\WINMM.dll
0x00007ff84d3c0000 - 0x00007ff84d3ca000 	C:\Windows\SYSTEM32\VERSION.dll
0x00007ff851f00000 - 0x00007ff851f2d000 	C:\Windows\SYSTEM32\WINMMBASE.dll
0x00007ff854f70000 - 0x00007ff854fba000 	C:\Windows\System32\cfgmgr32.dll
0x00007ff853ea0000 - 0x00007ff853eb1000 	C:\Windows\System32\kernel.appcore.dll
0x00007ff84f460000 - 0x00007ff84f46a000 	C:\Users\Soham Kulkarni.TCOGNITION\Downloads\sts-4.15.1.RELEASE\plugins\org.eclipse.justj.openjdk.hotspot.jre.full.win32.x86_64_17.0.3.v20220515-1416\jre\bin\jimage.dll
0x00007ff8426e0000 - 0x00007ff8428d4000 	C:\Windows\SYSTEM32\DBGHELP.DLL
0x00007ff842550000 - 0x00007ff84257a000 	C:\Windows\SYSTEM32\dbgcore.DLL
0x00007ff84ae80000 - 0x00007ff84aea5000 	C:\Users\Soham Kulkarni.TCOGNITION\Downloads\sts-4.15.1.RELEASE\plugins\org.eclipse.justj.openjdk.hotspot.jre.full.win32.x86_64_17.0.3.v20220515-1416\jre\bin\java.dll

dbghelp: loaded successfully - version: 4.0.5 - missing functions: none
symbol engine: initialized successfully - sym options: 0x614 - pdb path: .;C:\Users\Soham Kulkarni.TCOGNITION\Downloads\sts-4.15.1.RELEASE\plugins\org.eclipse.justj.openjdk.hotspot.jre.full.win32.x86_64_17.0.3.v20220515-1416\jre\bin;C:\Windows\SYSTEM32;C:\Windows\WinSxS\amd64_microsoft.windows.common-controls_6595b64144ccf1df_6.0.18362.1379_none_9e7ff3b3e45cc0c4;C:\Users\Soham Kulkarni.TCOGNITION\Downloads\sts-4.15.1.RELEASE\plugins\org.eclipse.justj.openjdk.hotspot.jre.full.win32.x86_64_17.0.3.v20220515-1416\jre\bin\server

VM Arguments:
jvm_args: -Dcom.sun.management.jmxremote -Dcom.sun.management.jmxremote.port=50554 -Dcom.sun.management.jmxremote.authenticate=false -Dcom.sun.management.jmxremote.ssl=false -Djava.rmi.server.hostname=localhost -Dspring.jmx.enabled=true -Dspring.application.admin.enabled=true -XX:TieredStopAtLevel=1 -Dspring.boot.project.name=US_Staffing_Boot -Dfile.encoding=UTF-8 -XX:+ShowCodeDetailsInExceptionMessages 
java_command: com.staffing.demo.UsStaffingNewApplication --spring.output.ansi.enabled=always
java_class_path (initial): C:\Users\Soham Kulkarni.TCOGNITION\Desktop\Soham\Code\Git\US_Staffing_Boot\target\classes;C:\Users\Soham Kulkarni.TCOGNITION\.m2\repository\org\springframework\boot\spring-boot-starter-data-jpa\2.7.5\spring-boot-starter-data-jpa-2.7.5.jar;C:\Users\Soham Kulkarni.TCOGNITION\.m2\repository\org\springframework\boot\spring-boot-starter-aop\2.7.5\spring-boot-starter-aop-2.7.5.jar;C:\Users\Soham Kulkarni.TCOGNITION\.m2\repository\org\aspectj\aspectjweaver\1.9.7\aspectjweaver-1.9.7.jar;C:\Users\Soham Kulkarni.TCOGNITION\.m2\repository\org\springframework\boot\spring-boot-starter-jdbc\2.7.5\spring-boot-starter-jdbc-2.7.5.jar;C:\Users\Soham Kulkarni.TCOGNITION\.m2\repository\com\zaxxer\HikariCP\4.0.3\HikariCP-4.0.3.jar;C:\Users\Soham Kulkarni.TCOGNITION\.m2\repository\org\springframework\spring-jdbc\5.3.23\spring-jdbc-5.3.23.jar;C:\Users\Soham Kulkarni.TCOGNITION\.m2\repository\jakarta\transaction\jakarta.transaction-api\1.3.3\jakarta.transaction-api-1.3.3.jar;C:\Users\Soham Kulkarni.TCOGNITION\.m2\repository\jakarta\persistence\jakarta.persistence-api\2.2.3\jakarta.persistence-api-2.2.3.jar;C:\Users\Soham Kulkarni.TCOGNITION\.m2\repository\org\hibernate\hibernate-core\5.6.12.Final\hibernate-core-5.6.12.Final.jar;C:\Users\Soham Kulkarni.TCOGNITION\.m2\repository\org\jboss\logging\jboss-logging\3.4.3.Final\jboss-logging-3.4.3.Final.jar;C:\Users\Soham Kulkarni.TCOGNITION\.m2\repository\net\bytebuddy\byte-buddy\1.12.18\byte-buddy-1.12.18.jar;C:\Users\Soham Kulkarni.TCOGNITION\.m2\repository\antlr\antlr\2.7.7\antlr-2.7.7.jar;C:\Users\Soham Kulkarni.TCOGNITION\.m2\repository\org\jboss\jandex\2.4.2.Final\jandex-2.4.2.Final.jar;C:\Users\Soham Kulkarni.TCOGNITION\.m2\repository\com\fasterxml\classmate\1.5.1\classmate-1.5.1.jar;C:\Users\Soham Kulkarni.TCOGNITION\.m2\repository\org\hibernate\common\hibernate-commons-annotations\5.1.2.Final\hibernate-commons-annotations-5.1.2.Final.jar;C:\Users\Soham Kulkarni.TCOGNITION\.m2\repository\org\glassfish\jaxb\jax
Launcher Type: SUN_STANDARD

[Global flags]
     intx CICompilerCount                          = 3                                         {product} {ergonomic}
     uint ConcGCThreads                            = 1                                         {product} {ergonomic}
     uint G1ConcRefinementThreads                  = 4                                         {product} {ergonomic}
   size_t G1HeapRegionSize                         = 1048576                                   {product} {ergonomic}
    uintx GCDrainStackTargetSize                   = 64                                        {product} {ergonomic}
   size_t InitialHeapSize                          = 134217728                                 {product} {ergonomic}
     bool ManagementServer                         = true                                      {product} {command line}
   size_t MarkStackSize                            = 4194304                                   {product} {ergonomic}
   size_t MaxHeapSize                              = 2128609280                                {product} {ergonomic}
   size_t MinHeapDeltaBytes                        = 1048576                                   {product} {ergonomic}
   size_t MinHeapSize                              = 8388608                                   {product} {ergonomic}
    uintx NonProfiledCodeHeapSize                  = 0                                      {pd product} {ergonomic}
     bool ProfileInterpreter                       = false                                  {pd product} {command line}
    uintx ProfiledCodeHeapSize                     = 0                                      {pd product} {ergonomic}
     bool ShowCodeDetailsInExceptionMessages       = true                                   {manageable} {command line}
   size_t SoftMaxHeapSize                          = 2128609280                             {manageable} {ergonomic}
     intx TieredStopAtLevel                        = 1                                         {product} {command line}
     bool UseCompressedClassPointers               = true                           {product lp64_product} {ergonomic}
     bool UseCompressedOops                        = true                           {product lp64_product} {ergonomic}
     bool UseG1GC                                  = true                                      {product} {ergonomic}
     bool UseLargePagesIndividualAllocation        = false                                  {pd product} {ergonomic}

Logging:
Log output configuration:
 #0: stdout all=warning uptime,level,tags
 #1: stderr all=off uptime,level,tags

Environment Variables:
JAVA_HOME=C:\Program Files\Java\jdk1.8.0_333
PATH=C:/Users/Soham Kulkarni.TCOGNITION/Downloads/sts-4.15.1.RELEASE//plugins/org.eclipse.justj.openjdk.hotspot.jre.full.win32.x86_64_17.0.3.v20220515-1416/jre/bin/server;C:/Users/Soham Kulkarni.TCOGNITION/Downloads/sts-4.15.1.RELEASE//plugins/org.eclipse.justj.openjdk.hotspot.jre.full.win32.x86_64_17.0.3.v20220515-1416/jre/bin;C:\Python310\Scripts\;C:\Python310\;C:\Program Files (x86)\Common Files\Oracle\Java\javapath;C:\Windows\system32;C:\Windows;C:\Windows\System32\Wbem;C:\Windows\System32\WindowsPowerShell\v1.0\;C:\Windows\System32\OpenSSH\;C:\Program Files\Java\jdk1.8.0_333\bin;C:\Program Files\dotnet\;C:\Program Files\nodejs\;C:\ProgramData\chocolatey\bin;C:\Users\Soham Kulkarni.TCOGNITION\AppData\Local\Microsoft\WindowsApps;C:\Users\Soham Kulkarni.TCOGNITION\Desktop\Soham\Extract\apache-maven-3.8.6\bin;C:\Users\Soham Kulkarni.TCOGNITION\AppData\Local\Programs\Git\cmd;C:\Users\Soham Kulkarni.TCOGNITION\AppData\Local\Programs\Microsoft VS Code\bin;C:\Users\Soham Kulkarni.TCOGNITION\AppData\Roaming\npm;C:\Program Files\heroku\bin;C:\Users\Soham Kulkarni.TCOGNITION\Downloads\sts-4.15.1.RELEASE;
USERNAME=Soham Kulkarni
OS=Windows_NT
PROCESSOR_IDENTIFIER=Intel64 Family 6 Model 60 Stepping 3, GenuineIntel



---------------  S Y S T E M  ---------------

OS:
 Windows 10 , 64 bit Build 18362 (10.0.18362.1350)
OS uptime: 22 days 23:27 hours

CPU: total 4 (initial active 4) (2 cores per cpu, 2 threads per core) family 6 model 60 stepping 3 microcode 0x25, cx8, cmov, fxsr, ht, mmx, sse, sse2, sse3, ssse3, sse4.1, sse4.2, popcnt, lzcnt, tsc, tscinvbit, avx, avx2, aes, erms, clmul, bmi1, bmi2, fma, vzeroupper, clflush

Memory: 4k page, system-wide physical 8114M (1318M free)
TotalPageFile size 10210M (AvailPageFile size 49M)
current process WorkingSet (physical memory assigned to process): 10M, peak: 10M
current process commit charge ("private bytes"): 46M, peak: 174M

vm_info: OpenJDK 64-Bit Server VM (17.0.3+7) for windows-amd64 JRE (17.0.3+7), built on Apr 19 2022 16:55:35 by "" with MS VC++ 16.7 (VS2019)

END.
